<?xml version="1.0" encoding="UTF-8"?>
<testsuite xmlns:xsi="http://www.w3.org/2001/XMLSchema-instance" xsi:noNamespaceSchemaLocation="https://maven.apache.org/surefire/maven-surefire-plugin/xsd/surefire-test-report.xsd" name="es.ull.passengers.passangerTest" time="0.078" tests="2" errors="2" skipped="0" failures="0">
  <properties>
[...]
</properties>
  <testcase name="test" classname="es.ull.passengers.passangerTest" time="0.062">
    <error message="Expecting a stackmap frame at branch target 83&#10;Exception Details:&#10;  Location:&#10;    es/ull/flights/Flight.addPassenger(Les/ull/passengers/Passenger;)Z @26: if_icmplt&#10;  Reason:&#10;    Expected stackmap frame at this location.&#10;  Bytecode:&#10;    0000000: b800 694d b800 1612 18b6 001c 1100 33b6&#10;    0000010: 0022 2ab6 003d 2ab4 002e a100 392c 1007&#10;    0000020: 0454 b800 1612 18b6 001c 1100 34b6 0022&#10;    0000030: bb00 3f59 bb00 4159 b700 4212 44b6 0048&#10;    0000040: 2ab6 004a b600 48b6 004d b700 502c 1008&#10;    0000050: 0454 bfb8 0016 1218 b600 1c11 0036 b600&#10;    0000060: 222b 2ab6 0056 2c10 0904 54b8 0016 1218&#10;    0000070: b600 1c11 0037 b600 222a b400 2a2b b900&#10;    0000080: 5a02 002c 100a 0454 ac                 &#10;" type="java.lang.VerifyError">java.lang.VerifyError: 
Expecting a stackmap frame at branch target 83
Exception Details:
  Location:
    es/ull/flights/Flight.addPassenger(Les/ull/passengers/Passenger;)Z @26: if_icmplt
  Reason:
    Expected stackmap frame at this location.
  Bytecode:
    0000000: b800 694d b800 1612 18b6 001c 1100 33b6
    0000010: 0022 2ab6 003d 2ab4 002e a100 392c 1007
    0000020: 0454 b800 1612 18b6 001c 1100 34b6 0022
    0000030: bb00 3f59 bb00 4159 b700 4212 44b6 0048
    0000040: 2ab6 004a b600 48b6 004d b700 502c 1008
    0000050: 0454 bfb8 0016 1218 b600 1c11 0036 b600
    0000060: 222b 2ab6 0056 2c10 0904 54b8 0016 1218
    0000070: b600 1c11 0037 b600 222a b400 2a2b b900
    0000080: 5a02 002c 100a 0454 ac                 

	at es.ull.passengers.passangerTest.setUp(passangerTest.java:19)
</error>
  </testcase>
  <testcase name="test2" classname="es.ull.passengers.passangerTest" time="0">
    <error message="Expecting a stackmap frame at branch target 83&#10;Exception Details:&#10;  Location:&#10;    es/ull/flights/Flight.addPassenger(Les/ull/passengers/Passenger;)Z @26: if_icmplt&#10;  Reason:&#10;    Expected stackmap frame at this location.&#10;  Bytecode:&#10;    0000000: b800 694d b800 1612 18b6 001c 1100 33b6&#10;    0000010: 0022 2ab6 003d 2ab4 002e a100 392c 1007&#10;    0000020: 0454 b800 1612 18b6 001c 1100 34b6 0022&#10;    0000030: bb00 3f59 bb00 4159 b700 4212 44b6 0048&#10;    0000040: 2ab6 004a b600 48b6 004d b700 502c 1008&#10;    0000050: 0454 bfb8 0016 1218 b600 1c11 0036 b600&#10;    0000060: 222b 2ab6 0056 2c10 0904 54b8 0016 1218&#10;    0000070: b600 1c11 0037 b600 222a b400 2a2b b900&#10;    0000080: 5a02 002c 100a 0454 ac                 &#10;" type="java.lang.VerifyError">java.lang.VerifyError: 
Expecting a stackmap frame at branch target 83
Exception Details:
  Location:
    es/ull/flights/Flight.addPassenger(Les/ull/passengers/Passenger;)Z @26: if_icmplt
  Reason:
    Expected stackmap frame at this location.
  Bytecode:
    0000000: b800 694d b800 1612 18b6 001c 1100 33b6
    0000010: 0022 2ab6 003d 2ab4 002e a100 392c 1007
    0000020: 0454 b800 1612 18b6 001c 1100 34b6 0022
    0000030: bb00 3f59 bb00 4159 b700 4212 44b6 0048
    0000040: 2ab6 004a b600 48b6 004d b700 502c 1008
    0000050: 0454 bfb8 0016 1218 b600 1c11 0036 b600
    0000060: 222b 2ab6 0056 2c10 0904 54b8 0016 1218
    0000070: b600 1c11 0037 b600 222a b400 2a2b b900
    0000080: 5a02 002c 100a 0454 ac                 

	at es.ull.passengers.passangerTest.setUp(passangerTest.java:19)
</error>
  </testcase>
</testsuite>